#
# There is insufficient memory for the Java Runtime Environment to continue.
# Native memory allocation (malloc) failed to allocate 443536 bytes for Chunk::new
# Possible reasons:
#   The system is out of physical RAM or swap space
#   In 32 bit mode, the process size limit was hit
# Possible solutions:
#   Reduce memory load on the system
#   Increase physical memory or swap space
#   Check if swap backing store is full
#   Use 64 bit Java on a 64 bit OS
#   Decrease Java heap size (-Xmx/-Xms)
#   Decrease number of Java threads
#   Decrease Java thread stack sizes (-Xss)
#   Set larger code cache with -XX:ReservedCodeCacheSize=
# This output file may be truncated or incomplete.
#
#  Out of Memory Error (allocation.cpp:323), pid=23436, tid=23640
#
# JRE version: Java(TM) SE Runtime Environment (7.0_79-b15) (build 1.7.0_79-b15)
# Java VM: Java HotSpot(TM) 64-Bit Server VM (24.79-b02 mixed mode windows-amd64 compressed oops)
# Failed to write core dump. Minidumps are not enabled by default on client versions of Windows
#

---------------  T H R E A D  ---------------

Current thread (0x000000000e99d000):  JavaThread "C2 CompilerThread1" daemon [_thread_in_native, id=23640, stack(0x000000000f0a0000,0x000000000f1a0000)]

Stack: [0x000000000f0a0000,0x000000000f1a0000]
[error occurred during error reporting (printing stack bounds), id 0xc0000005]


[error occurred during error reporting (printing native stack), id 0xc0000005]


Current CompileTask:
C2: 120892 1024   !         com.sun.org.apache.xerces.internal.impl.XMLDocumentFragmentScannerImpl$FragmentContentDriver::next (2345 bytes)


---------------  P R O C E S S  ---------------

Java Threads: ( => current thread )
  0x0000000013fb9800 JavaThread "DubboClientHandler-192.168.37.1:20881-thread-2" daemon [_thread_blocked, id=24488, stack(0x00000000166a0000,0x00000000167a0000)]
  0x0000000013fb8800 JavaThread "DubboResponseTimeoutScanTimer" daemon [_thread_blocked, id=24964, stack(0x0000000017330000,0x0000000017430000)]
  0x0000000013fb8000 JavaThread "http-bio-8082-exec-2" daemon [_thread_in_native, id=24948, stack(0x000000000ef00000,0x000000000f000000)]
  0x0000000013fb2800 JavaThread "http-bio-8082-exec-1" daemon [_thread_in_vm, id=21440, stack(0x0000000017210000,0x0000000017310000)]
  0x0000000013fb7000 JavaThread "dubbo-remoting-client-heartbeat-thread-2" daemon [_thread_blocked, id=23544, stack(0x00000000170e0000,0x00000000171e0000)]
  0x0000000013fb6800 JavaThread "DubboClientReconnectTimer-thread-2" daemon [_thread_blocked, id=23844, stack(0x0000000016d70000,0x0000000016e70000)]
  0x0000000013fb5800 JavaThread "http-bio-8082-AsyncTimeout" daemon [_thread_blocked, id=23840, stack(0x00000000167d0000,0x00000000168d0000)]
  0x0000000013fb5000 JavaThread "http-bio-8082-Acceptor-0" daemon [_thread_in_native, id=23836, stack(0x0000000016c00000,0x0000000016d00000)]
  0x0000000013fb4000 JavaThread "ContainerBackgroundProcessor[StandardEngine[Tomcat]]" daemon [_thread_blocked, id=23832, stack(0x0000000016ac0000,0x0000000016bc0000)]
  0x0000000013fb3800 JavaThread "dubbo-remoting-client-heartbeat-thread-1" daemon [_thread_blocked, id=23824, stack(0x00000000168e0000,0x00000000169e0000)]
  0x0000000013fb1800 JavaThread "Hashed wheel timer #1" [_thread_blocked, id=23812, stack(0x0000000016540000,0x0000000016640000)]
  0x0000000013fb1000 JavaThread "DubboClientReconnectTimer-thread-1" daemon [_thread_blocked, id=23808, stack(0x0000000010f40000,0x0000000011040000)]
  0x0000000013fb0000 JavaThread "New I/O boss #6" daemon [_thread_in_native, id=23804, stack(0x0000000016410000,0x0000000016510000)]
  0x0000000013faf800 JavaThread "New I/O worker #5" daemon [_thread_in_native, id=23800, stack(0x0000000016290000,0x0000000016390000)]
  0x0000000013fae800 JavaThread "New I/O worker #4" daemon [_thread_in_native, id=23796, stack(0x00000000160b0000,0x00000000161b0000)]
  0x0000000013fae000 JavaThread "New I/O worker #3" daemon [_thread_in_native, id=23792, stack(0x0000000015fa0000,0x00000000160a0000)]
  0x0000000013fad000 JavaThread "New I/O worker #2" daemon [_thread_in_native, id=23788, stack(0x00000000153a0000,0x00000000154a0000)]
  0x0000000013fac800 JavaThread "New I/O worker #1" daemon [_thread_in_native, id=23784, stack(0x0000000015e20000,0x0000000015f20000)]
  0x0000000013fab800 JavaThread "DubboSaveRegistryCache-thread-1" daemon [_thread_blocked, id=23780, stack(0x0000000015c40000,0x0000000015d40000)]
  0x0000000013fab000 JavaThread "localhost-startStop-1-EventThread" daemon [_thread_blocked, id=23772, stack(0x00000000157f0000,0x00000000158f0000)]
  0x0000000013faa000 JavaThread "localhost-startStop-1-SendThread(192.168.37.161:2181)" daemon [_thread_in_native, id=23768, stack(0x0000000015620000,0x0000000015720000)]
  0x00000000127b2800 JavaThread "ZkClient-EventThread-17-192.168.37.161:2181" daemon [_thread_blocked, id=23764, stack(0x0000000015510000,0x0000000015610000)]
  0x00000000145fb800 JavaThread "DubboRegistryFailedRetryTimer-thread-1" daemon [_thread_blocked, id=23760, stack(0x0000000015280000,0x0000000015380000)]
  0x0000000013c32800 JavaThread "Thread-2" daemon [_thread_in_native, id=23748, stack(0x0000000014130000,0x0000000014230000)]
  0x000000000e99f000 JavaThread "Service Thread" daemon [_thread_blocked, id=23644, stack(0x000000000f330000,0x000000000f430000)]
=>0x000000000e99d000 JavaThread "C2 CompilerThread1" daemon [_thread_in_native, id=23640, stack(0x000000000f0a0000,0x000000000f1a0000)]
  0x000000000e99c800 JavaThread "C2 CompilerThread0" daemon [_thread_in_native, id=23636, stack(0x000000000f1a0000,0x000000000f2a0000)]
  0x000000000e99b800 JavaThread "Monitor Ctrl-Break" daemon [_thread_in_native, id=23632, stack(0x000000000edf0000,0x000000000eef0000)]
  0x000000000d3da000 JavaThread "Attach Listener" daemon [_thread_blocked, id=23628, stack(0x000000000e2e0000,0x000000000e3e0000)]
  0x000000000d3c8800 JavaThread "Signal Dispatcher" daemon [_thread_blocked, id=23624, stack(0x000000000e880000,0x000000000e980000)]
  0x000000000d362800 JavaThread "Finalizer" daemon [_thread_blocked, id=23620, stack(0x000000000e6d0000,0x000000000e7d0000)]
  0x000000000d361000 JavaThread "Reference Handler" daemon [_thread_blocked, id=23616, stack(0x000000000e580000,0x000000000e680000)]
  0x000000000027f000 JavaThread "main" [_thread_blocked, id=23592, stack(0x00000000027d0000,0x00000000028d0000)]

Other Threads:
  0x000000000d35b800 VMThread [stack: 0x000000000e3e0000,0x000000000e4e0000] [id=23612]
  0x000000000e9a0000 WatcherThread [stack: 0x000000000f4c0000,0x000000000f5c0000] [id=23648]

VM state:not at safepoint (normal execution)

VM Mutex/Monitor currently owned by a thread: None

Heap
 PSYoungGen      total 435200K, used 209345K [0x00000007c0d00000, 0x00000007f8d00000, 0x0000000800000000)
  eden space 382976K, 41% used [0x00000007c0d00000,0x00000007ca671a78,0x00000007d8300000)
  from space 52224K, 99% used [0x00000007d8300000,0x00000007db5fe9d0,0x00000007db600000)
  to   space 75776K, 0% used [0x00000007f4300000,0x00000007f4300000,0x00000007f8d00000)
 ParOldGen       total 129024K, used 87550K [0x0000000742800000, 0x000000074a600000, 0x00000007c0d00000)
  object space 129024K, 67% used [0x0000000742800000,0x0000000747d7f968,0x000000074a600000)
 PSPermGen       total 47616K, used 47295K [0x000000073d600000, 0x0000000740480000, 0x0000000742800000)
  object space 47616K, 99% used [0x000000073d600000,0x000000074042fe40,0x0000000740480000)

Card table byte_map: [0x00000000058d0000,0x0000000005ef0000] byte_map_base: 0x0000000001ee5000

Polling page: 0x0000000000130000

Code Cache  [0x00000000028d0000, 0x0000000002c20000, 0x00000000058d0000)
 total_blobs=1362 nmethods=937 adapters=376 free_code_cache=45921Kb largest_free_block=46911040

Compilation events (10 events):
Event: 120.845 Thread 0x000000000e99c800 nmethod 1030 0x0000000002b35b10 code [0x0000000002b35c60, 0x0000000002b35e58]
Event: 120.845 Thread 0x000000000e99c800 1031             com.sun.org.apache.xerces.internal.dom.DeferredDocumentImpl::getNodeName (49 bytes)
Event: 120.848 Thread 0x000000000e99c800 nmethod 1031 0x0000000002b3d350 code [0x0000000002b3d4c0, 0x0000000002b3d6e8]
Event: 120.848 Thread 0x000000000e99c800 1032             com.sun.org.apache.xerces.internal.dom.DeferredDocumentImpl::getNodeURI (7 bytes)
Event: 120.851 Thread 0x000000000e99c800 nmethod 1032 0x0000000002b3ccd0 code [0x0000000002b3ce20, 0x0000000002b3d018]
Event: 120.851 Thread 0x000000000e99c800 1033             com.sun.org.apache.xerces.internal.dom.DeferredDocumentImpl::getNodeURI (49 bytes)
Event: 120.854 Thread 0x000000000e99c800 nmethod 1033 0x0000000002c07590 code [0x0000000002c07700, 0x0000000002c07928]
Event: 120.855 Thread 0x000000000e99c800 1034             com.sun.org.apache.xerces.internal.dom.DeferredDocumentImpl::getTypeInfo (99 bytes)
Event: 120.858 Thread 0x000000000e99c800 nmethod 1034 0x0000000002c070d0 code [0x0000000002c07220, 0x0000000002c073d8]
Event: 120.858 Thread 0x000000000e99c800 1035             com.sun.org.apache.xerces.internal.dom.DeferredElementNSImpl::synchronizeData (232 bytes)

GC Heap History (10 events):
Event: 9.127 GC heap before
{Heap before GC invocations=3 (full 0):
 PSYoungGen      total 107008K, used 106984K [0x00000007c0d00000, 0x00000007c7d00000, 0x0000000800000000)
  eden space 99328K, 100% used [0x00000007c0d00000,0x00000007c6e00000,0x00000007c6e00000)
  from space 7680K, 99% used [0x00000007c7580000,0x00000007c7cfa2b0,0x00000007c7d00000)
  to   space 7680K, 0% used [0x00000007c6e00000,0x00000007c6e00000,0x00000007c7580000)
 ParOldGen       total 129024K, used 1630K [0x0000000742800000, 0x000000074a600000, 0x00000007c0d00000)
  object space 129024K, 1% used [0x0000000742800000,0x0000000742997968,0x000000074a600000)
 PSPermGen       total 21504K, used 19558K [0x000000073d600000, 0x000000073eb00000, 0x0000000742800000)
  object space 21504K, 90% used [0x000000073d600000,0x000000073e919b40,0x000000073eb00000)
Event: 9.154 GC heap after
Heap after GC invocations=3 (full 0):
 PSYoungGen      total 107008K, used 7674K [0x00000007c0d00000, 0x00000007cde00000, 0x0000000800000000)
  eden space 99328K, 0% used [0x00000007c0d00000,0x00000007c0d00000,0x00000007c6e00000)
  from space 7680K, 99% used [0x00000007c6e00000,0x00000007c757ebb0,0x00000007c7580000)
  to   space 7680K, 0% used [0x00000007cd680000,0x00000007cd680000,0x00000007cde00000)
 ParOldGen       total 129024K, used 6318K [0x0000000742800000, 0x000000074a600000, 0x00000007c0d00000)
  object space 129024K, 4% used [0x0000000742800000,0x0000000742e2b958,0x000000074a600000)
 PSPermGen       total 21504K, used 19558K [0x000000073d600000, 0x000000073eb00000, 0x0000000742800000)
  object space 21504K, 90% used [0x000000073d600000,0x000000073e919b40,0x000000073eb00000)
}
Event: 11.940 GC heap before
{Heap before GC invocations=4 (full 0):
 PSYoungGen      total 107008K, used 107002K [0x00000007c0d00000, 0x00000007cde00000, 0x0000000800000000)
  eden space 99328K, 100% used [0x00000007c0d00000,0x00000007c6e00000,0x00000007c6e00000)
  from space 7680K, 99% used [0x00000007c6e00000,0x00000007c757ebb0,0x00000007c7580000)
  to   space 7680K, 0% used [0x00000007cd680000,0x00000007cd680000,0x00000007cde00000)
 ParOldGen       total 129024K, used 6318K [0x0000000742800000, 0x000000074a600000, 0x00000007c0d00000)
  object space 129024K, 4% used [0x0000000742800000,0x0000000742e2b958,0x000000074a600000)
 PSPermGen       total 26624K, used 26566K [0x000000073d600000, 0x000000073f000000, 0x0000000742800000)
  object space 26624K, 99% used [0x000000073d600000,0x000000073eff1858,0x000000073f000000)
Event: 11.988 GC heap after
Heap after GC invocations=4 (full 0):
 PSYoungGen      total 206336K, used 7659K [0x00000007c0d00000, 0x00000007cde00000, 0x0000000800000000)
  eden space 198656K, 0% used [0x00000007c0d00000,0x00000007c0d00000,0x00000007ccf00000)
  from space 7680K, 99% used [0x00000007cd680000,0x00000007cddfad00,0x00000007cde00000)
  to   space 7680K, 0% used [0x00000007ccf00000,0x00000007ccf00000,0x00000007cd680000)
 ParOldGen       total 129024K, used 21712K [0x0000000742800000, 0x000000074a600000, 0x00000007c0d00000)
  object space 129024K, 16% used [0x0000000742800000,0x0000000743d34398,0x000000074a600000)
 PSPermGen       total 26624K, used 26566K [0x000000073d600000, 0x000000073f000000, 0x0000000742800000)
  object space 26624K, 99% used [0x000000073d600000,0x000000073eff1858,0x000000073f000000)
}
Event: 13.378 GC heap before
{Heap before GC invocations=5 (full 0):
 PSYoungGen      total 206336K, used 206315K [0x00000007c0d00000, 0x00000007cde00000, 0x0000000800000000)
  eden space 198656K, 100% used [0x00000007c0d00000,0x00000007ccf00000,0x00000007ccf00000)
  from space 7680K, 99% used [0x00000007cd680000,0x00000007cddfad00,0x00000007cde00000)
  to   space 7680K, 0% used [0x00000007ccf00000,0x00000007ccf00000,0x00000007cd680000)
 ParOldGen       total 129024K, used 21712K [0x0000000742800000, 0x000000074a600000, 0x00000007c0d00000)
  object space 129024K, 16% used [0x0000000742800000,0x0000000743d34398,0x000000074a600000)
 PSPermGen       total 27136K, used 26630K [0x000000073d600000, 0x000000073f080000, 0x0000000742800000)
  object space 27136K, 98% used [0x000000073d600000,0x000000073f001a28,0x000000073f080000)
Event: 13.430 GC heap after
Heap after GC invocations=5 (full 0):
 PSYoungGen      total 206336K, used 7679K [0x00000007c0d00000, 0x00000007ddb00000, 0x0000000800000000)
  eden space 198656K, 0% used [0x00000007c0d00000,0x00000007c0d00000,0x00000007ccf00000)
  from space 7680K, 99% used [0x00000007ccf00000,0x00000007cd67fd78,0x00000007cd680000)
  to   space 37888K, 0% used [0x00000007db600000,0x00000007db600000,0x00000007ddb00000)
 ParOldGen       total 129024K, used 50734K [0x0000000742800000, 0x000000074a600000, 0x00000007c0d00000)
  object space 129024K, 39% used [0x0000000742800000,0x000000074598b988,0x000000074a600000)
 PSPermGen       total 27136K, used 26630K [0x000000073d600000, 0x000000073f080000, 0x0000000742800000)
  object space 27136K, 98% used [0x000000073d600000,0x000000073f001a28,0x000000073f080000)
}
Event: 14.724 GC heap before
{Heap before GC invocations=6 (full 0):
 PSYoungGen      total 206336K, used 206335K [0x00000007c0d00000, 0x00000007ddb00000, 0x0000000800000000)
  eden space 198656K, 100% used [0x00000007c0d00000,0x00000007ccf00000,0x00000007ccf00000)
  from space 7680K, 99% used [0x00000007ccf00000,0x00000007cd67fd78,0x00000007cd680000)
  to   space 37888K, 0% used [0x00000007db600000,0x00000007db600000,0x00000007ddb00000)
 ParOldGen       total 129024K, used 50734K [0x0000000742800000, 0x000000074a600000, 0x00000007c0d00000)
  object space 129024K, 39% used [0x0000000742800000,0x000000074598b988,0x000000074a600000)
 PSPermGen       total 27136K, used 26662K [0x000000073d600000, 0x000000073f080000, 0x0000000742800000)
  object space 27136K, 98% used [0x000000073d600000,0x000000073f009a10,0x000000073f080000)
Event: 14.817 GC heap after
Heap after GC invocations=6 (full 0):
 PSYoungGen      total 420864K, used 37872K [0x00000007c0d00000, 0x00000007df700000, 0x0000000800000000)
  eden space 382976K, 0% used [0x00000007c0d00000,0x00000007c0d00000,0x00000007d8300000)
  from space 37888K, 99% used [0x00000007db600000,0x00000007ddafc0f8,0x00000007ddb00000)
  to   space 52224K, 0% used [0x00000007d8300000,0x00000007d8300000,0x00000007db600000)
 ParOldGen       total 129024K, used 62238K [0x0000000742800000, 0x000000074a600000, 0x00000007c0d00000)
  object space 129024K, 48% used [0x0000000742800000,0x00000007464c7a80,0x000000074a600000)
 PSPermGen       total 27136K, used 26662K [0x000000073d600000, 0x000000073f080000, 0x0000000742800000)
  object space 27136K, 98% used [0x000000073d600000,0x000000073f009a10,0x000000073f080000)
}
Event: 18.366 GC heap before
{Heap before GC invocations=7 (full 0):
 PSYoungGen      total 420864K, used 420848K [0x00000007c0d00000, 0x00000007df700000, 0x0000000800000000)
  eden space 382976K, 100% used [0x00000007c0d00000,0x00000007d8300000,0x00000007d8300000)
  from space 37888K, 99% used [0x00000007db600000,0x00000007ddafc0f8,0x00000007ddb00000)
  to   space 52224K, 0% used [0x00000007d8300000,0x00000007d8300000,0x00000007db600000)
 ParOldGen       total 129024K, used 62238K [0x0000000742800000, 0x000000074a600000, 0x00000007c0d00000)
  object space 129024K, 48% used [0x0000000742800000,0x00000007464c7a80,0x000000074a600000)
 PSPermGen       total 38912K, used 38494K [0x000000073d600000, 0x000000073fc00000, 0x0000000742800000)
  object space 38912K, 98% used [0x000000073d600000,0x000000073fb978c8,0x000000073fc00000)
Event: 18.469 GC heap after
Heap after GC invocations=7 (full 0):
 PSYoungGen      total 435200K, used 52218K [0x00000007c0d00000, 0x00000007f8d00000, 0x0000000800000000)
  eden space 382976K, 0% used [0x00000007c0d00000,0x00000007c0d00000,0x00000007d8300000)
  from space 52224K, 99% used [0x00000007d8300000,0x00000007db5fe9d0,0x00000007db600000)
  to   space 75776K, 0% used [0x00000007f4300000,0x00000007f4300000,0x00000007f8d00000)
 ParOldGen       total 129024K, used 87550K [0x0000000742800000, 0x000000074a600000, 0x00000007c0d00000)
  object space 129024K, 67% used [0x0000000742800000,0x0000000747d7f968,0x000000074a600000)
 PSPermGen       total 38912K, used 38494K [0x000000073d600000, 0x000000073fc00000, 0x0000000742800000)
  object space 38912K, 98% used [0x000000073d600000,0x000000073fb978c8,0x000000073fc00000)
}

Deoptimization events (10 events):
Event: 120.650 Thread 0x0000000013fb2800 Uncommon trap: reason=class_check action=maybe_recompile pc=0x0000000002b7d18c method=com.sun.org.apache.xerces.internal.impl.dtd.XMLDTDValidator.characters(Lcom/sun/org/apache/xerces/internal/xni/XMLString;Lcom/sun/org/apache/xerces/internal/xni/Augmentat“FD¢)^@
Event: 120.651 Thread 0x0000000013fb2800 Uncommon trap: reason=class_check action=maybe_recompile pc=0x0000000002b7d304 method=com.sun.org.apache.xerces.internal.impl.dtd.XMLDTDValidator.characters(Lcom/sun/org/apache/xerces/internal/xni/XMLString;Lcom/sun/org/apache/xerces/internal/xni/Augmentat~
Event: 120.651 Thread 0x0000000013fb2800 Uncommon trap: reason=class_check action=maybe_recompile pc=0x0000000002b7d18c method=com.sun.org.apache.xerces.internal.impl.dtd.XMLDTDValidator.characters(Lcom/sun/org/apache/xerces/internal/xni/XMLString;Lcom/sun/org/apache/xerces/internal/xni/Augmentat0v¤)^@
Event: 120.651 Thread 0x0000000013fb2800 Uncommon trap: reason=class_check action=maybe_recompile pc=0x0000000002b7d304 method=com.sun.org.apache.xerces.internal.impl.dtd.XMLDTDValidator.characters(Lcom/sun/org/apache/xerces/internal/xni/XMLString;Lcom/sun/org/apache/xerces/internal/xni/Augmentat
Event: 120.663 Thread 0x0000000013fb2800 Uncommon trap: reason=unloaded action=reinterpret pc=0x0000000002b82370 method=com.sun.org.apache.xerces.internal.dom.DeferredDocumentImpl.getNodeObject(I)Lcom/sun/org/apache/xerces/internal/dom/DeferredNode; @ 225
Event: 120.747 Thread 0x0000000013fb2800 Uncommon trap: reason=bimorphic action=maybe_recompile pc=0x0000000002c0b2f8 method=com.sun.org.apache.xerces.internal.impl.XMLNSDocumentScannerImpl.scanStartElement()Z @ 1010
Event: 120.747 Thread 0x0000000013fb2800 Uncommon trap: reason=bimorphic action=maybe_recompile pc=0x0000000002c0b2f8 method=com.sun.org.apache.xerces.internal.impl.XMLNSDocumentScannerImpl.scanStartElement()Z @ 1010
Event: 120.747 Thread 0x0000000013fb2800 Uncommon trap: reason=bimorphic action=maybe_recompile pc=0x0000000002c0b2f8 method=com.sun.org.apache.xerces.internal.impl.XMLNSDocumentScannerImpl.scanStartElement()Z @ 1010
Event: 120.747 Thread 0x0000000013fb2800 Uncommon trap: reason=bimorphic action=maybe_recompile pc=0x0000000002c0b2f8 method=com.sun.org.apache.xerces.internal.impl.XMLNSDocumentScannerImpl.scanStartElement()Z @ 1010
Event: 120.851 Thread 0x0000000013fb2800 Uncommon trap: reason=unreached action=reinterpret pc=0x0000000002be3e58 method=org.apache.jasper.compiler.Mark.init(Lorg/apache/jasper/compiler/Mark;Z)V @ 88

Internal exceptions (10 events):
Event: 120.847 Thread 0x0000000013fb2800 Threw 0x00000007ca39e070 at C:\re\jdk7u79\2331\hotspot\src\share\vm\prims\jvm.cpp:1304
Event: 120.847 Thread 0x0000000013fb2800 Threw 0x00000007ca39ea80 at C:\re\jdk7u79\2331\hotspot\src\share\vm\prims\jvm.cpp:1304
Event: 120.847 Thread 0x0000000013fb2800 Threw 0x00000007ca3a5018 at C:\re\jdk7u79\2331\hotspot\src\share\vm\prims\jvm.cpp:1304
Event: 120.847 Thread 0x0000000013fb2800 Threw 0x00000007ca3a59f8 at C:\re\jdk7u79\2331\hotspot\src\share\vm\prims\jvm.cpp:1304
Event: 120.848 Thread 0x0000000013fb2800 Threw 0x00000007ca3aabb0 at C:\re\jdk7u79\2331\hotspot\src\share\vm\prims\jvm.cpp:1304
Event: 120.848 Thread 0x0000000013fb2800 Threw 0x00000007ca3abfd8 at C:\re\jdk7u79\2331\hotspot\src\share\vm\prims\jvm.cpp:1304
Event: 120.848 Thread 0x0000000013fb2800 Threw 0x00000007ca3b3c90 at C:\re\jdk7u79\2331\hotspot\src\share\vm\prims\jvm.cpp:1304
Event: 120.848 Thread 0x0000000013fb2800 Threw 0x00000007ca3b46a0 at C:\re\jdk7u79\2331\hotspot\src\share\vm\prims\jvm.cpp:1304
Event: 120.849 Thread 0x0000000013fb2800 Threw 0x00000007ca3bcb18 at C:\re\jdk7u79\2331\hotspot\src\share\vm\prims\jvm.cpp:1304
Event: 120.850 Thread 0x0000000013fb2800 Threw 0x00000007ca3c0e70 at C:\re\jdk7u79\2331\hotspot\src\share\vm\prims\jvm.cpp:1304

Events (10 events):
Event: 120.849 loading class 0x000000000f934130 done
Event: 120.849 loading class 0x000000000f934130
Event: 120.849 loading class 0x000000000f934130 done
Event: 120.849 loading class 0x000000000f9344f0
Event: 120.849 loading class 0x000000000f9344f0 done
Event: 120.849 loading class 0x000000000f9344f0
Event: 120.849 loading class 0x000000000f9344f0 done
Event: 120.851 Thread 0x0000000013fb2800 Uncommon trap: trap_request=0xffffffad fr.pc=0x0000000002be3e58
Event: 120.851 Thread 0x0000000013fb2800 DEOPT PACKING pc=0x0000000002be3e58 sp=0x000000001730d0d0
Event: 120.851 Thread 0x0000000013fb2800 DEOPT UNPACKING pc=0x00000000029075a4 sp=0x000000001730d0b0 mode 2


Dynamic libraries:
0x000000013fed0000 - 0x000000013ff03000 	D:\Tool\jdk\jdk-7u79\bin\java.exe
0x0000000077370000 - 0x000000007750f000 	C:\Windows\SYSTEM32\ntdll.dll
0x0000000077150000 - 0x000000007726f000 	C:\Windows\system32\kernel32.dll
0x000007fefcfd0000 - 0x000007fefd03a000 	C:\Windows\system32\KERNELBASE.dll
0x000007feff0c0000 - 0x000007feff19b000 	C:\Windows\system32\ADVAPI32.dll
0x000007fefe8b0000 - 0x000007fefe94f000 	C:\Windows\system32\msvcrt.dll
0x000007fefe730000 - 0x000007fefe74f000 	C:\Windows\SYSTEM32\sechost.dll
0x000007fefed20000 - 0x000007fefee4d000 	C:\Windows\system32\RPCRT4.dll
0x0000000077270000 - 0x000000007736a000 	C:\Windows\system32\USER32.dll
0x000007fefef00000 - 0x000007fefef67000 	C:\Windows\system32\GDI32.dll
0x000007feff650000 - 0x000007feff65e000 	C:\Windows\system32\LPK.dll
0x000007fefd140000 - 0x000007fefd20b000 	C:\Windows\system32\USP10.dll
0x000007fefc470000 - 0x000007fefc664000 	C:\Windows\WinSxS\amd64_microsoft.windows.common-controls_6595b64144ccf1df_6.0.7601.18837_none_fa3b1e3d17594757\COMCTL32.dll
0x000007fefee80000 - 0x000007fefeef1000 	C:\Windows\system32\SHLWAPI.dll
0x000007fefee50000 - 0x000007fefee7e000 	C:\Windows\system32\IMM32.DLL
0x000007fefe750000 - 0x000007fefe859000 	C:\Windows\system32\MSCTF.dll
0x000007fefcc10000 - 0x000007fefcc41000 	C:\Windows\system32\nvinitx.dll
0x000007fefcc00000 - 0x000007fefcc0c000 	C:\Windows\system32\VERSION.dll
0x000000000f000000 - 0x000000000f006000 	C:\Program Files\NVIDIA Corporation\CoProcManager\detoured.dll
0x000007fef0850000 - 0x000007fef0881000 	C:\Program Files\NVIDIA Corporation\CoProcManager\nvd3d9wrapx.dll
0x000007fefe950000 - 0x000007fefeb27000 	C:\Windows\system32\SETUPAPI.dll
0x000007fefcd00000 - 0x000007fefcd36000 	C:\Windows\system32\CFGMGR32.dll
0x000007feff1a0000 - 0x000007feff27a000 	C:\Windows\system32\OLEAUT32.dll
0x000007fefd670000 - 0x000007fefd86d000 	C:\Windows\system32\ole32.dll
0x000007fefd070000 - 0x000007fefd08a000 	C:\Windows\system32\DEVOBJ.dll
0x000007fef0130000 - 0x000007fef0152000 	C:\Program Files\NVIDIA Corporation\CoProcManager\nvdxgiwrapx.dll
0x000000006efe0000 - 0x000000006f0b2000 	D:\Tool\jdk\jdk-7u79\jre\bin\msvcr100.dll
0x000000006e800000 - 0x000000006efd5000 	D:\Tool\jdk\jdk-7u79\jre\bin\server\jvm.dll
0x000007fef83c0000 - 0x000007fef83c9000 	C:\Windows\system32\WSOCK32.dll
0x000007fefe860000 - 0x000007fefe8ad000 	C:\Windows\system32\WS2_32.dll
0x000007fefd870000 - 0x000007fefd878000 	C:\Windows\system32\NSI.dll
0x000007fefcd40000 - 0x000007fefcd7b000 	C:\Windows\system32\WINMM.dll
0x0000000077510000 - 0x0000000077517000 	C:\Windows\system32\PSAPI.DLL
0x0000000073e30000 - 0x0000000073e3f000 	D:\Tool\jdk\jdk-7u79\jre\bin\verify.dll
0x0000000073bb0000 - 0x0000000073bd8000 	D:\Tool\jdk\jdk-7u79\jre\bin\java.dll
0x000000006a310000 - 0x000000006a333000 	D:\Tool\jdk\jdk-7u79\jre\bin\instrument.dll
0x0000000073b90000 - 0x0000000073ba5000 	D:\Tool\jdk\jdk-7u79\jre\bin\zip.dll
0x000007fef92b0000 - 0x000007fef92ca000 	E:\Program Files\JetBrains\IntelliJ IDEA 2017.1.3\bin\breakgen64.dll
0x0000000073b70000 - 0x0000000073b8a000 	D:\Tool\jdk\jdk-7u79\jre\bin\net.dll
0x000007fefc060000 - 0x000007fefc0b5000 	C:\Windows\system32\mswsock.dll
0x000007fefc050000 - 0x000007fefc057000 	C:\Windows\System32\wship6.dll
0x000000006f840000 - 0x000000006f851000 	D:\Tool\jdk\jdk-7u79\jre\bin\nio.dll
0x000007fefc0c0000 - 0x000007fefc0d8000 	C:\Windows\system32\CRYPTSP.dll
0x000007fefbdc0000 - 0x000007fefbe07000 	C:\Windows\system32\rsaenh.dll
0x000007fefcfa0000 - 0x000007fefcfbe000 	C:\Windows\system32\USERENV.dll
0x000007fefccf0000 - 0x000007fefccff000 	C:\Windows\system32\profapi.dll
0x000007fefcb30000 - 0x000007fefcb3f000 	C:\Windows\system32\CRYPTBASE.dll
0x000007fefa2d0000 - 0x000007fefa2f7000 	C:\Windows\system32\IPHLPAPI.DLL
0x000007fefa2c0000 - 0x000007fefa2cb000 	C:\Windows\system32\WINNSI.DLL
0x000007fef9bb0000 - 0x000007fef9bc8000 	C:\Windows\system32\dhcpcsvc.DLL
0x000007fef96a0000 - 0x000007fef96b1000 	C:\Windows\system32\dhcpcsvc6.DLL
0x0000000073bf0000 - 0x0000000073bfb000 	D:\Tool\jdk\jdk-7u79\jre\bin\management.dll
0x000007fefaa40000 - 0x000007fefaa55000 	C:\Windows\system32\NLAapi.dll
0x000007fef82d0000 - 0x000007fef82e5000 	C:\Windows\system32\napinsp.dll
0x000007fef82b0000 - 0x000007fef82c9000 	C:\Windows\system32\pnrpnsp.dll
0x000007fef80c0000 - 0x000007fef80d0000 	C:\Windows\system32\wshbth.dll
0x000007fefbee0000 - 0x000007fefbf3b000 	C:\Windows\system32\DNSAPI.dll
0x000007fef80b0000 - 0x000007fef80bb000 	C:\Windows\System32\winrnr.dll
0x000007fefb910000 - 0x000007fefb917000 	C:\Windows\System32\wshtcpip.dll
0x000007feeefa0000 - 0x000007feeefa8000 	C:\Windows\system32\rasadhlp.dll
0x000007fef99b0000 - 0x000007fef9a03000 	C:\Windows\System32\fwpuclnt.dll

VM Arguments:
jvm_args: -Dmaven.multiModuleProjectDirectory=D:\IdeaProjects\taotao\taotao-portal-web -Dmaven.home=D:\Tool\apache-maven-3.3.9 -Dclassworlds.conf=D:\Tool\apache-maven-3.3.9\bin\m2.conf -javaagent:E:\Program Files\JetBrains\IntelliJ IDEA 2017.1.3\lib\idea_rt.jar=5108:E:\Program Files\JetBrains\IntelliJ IDEA 2017.1.3\bin -Dfile.encoding=UTF-8 
java_command: org.codehaus.classworlds.Launcher -Didea.version=2017.1.3 -s D:\Tool\apache-maven-3.3.9\conf\settings.xml -DskipTests=true clean tomcat7:run
Launcher Type: SUN_STANDARD

Environment Variables:
JAVA_HOME=D:\Tool\jdk\jdk-7u79
CLASSPATH=.;D:\Tool\jdk\jdk-7u79\lib\tools.jar;D:\Tool\jdk\jdk-7u79\lib\dt.jar;
PATH=E:\xampp\mysql\bin;D:\Tool\jdk\jdk-7u79\bin;D:\Tool\jdk\jdk-7u79\jre\bin;D:\Tool\apache-maven-3.3.9\bin;C:\Program Files\MySQL\MySQL Server 5.5\bin;C:\Windows\system32;C:\Windows;C:\Windows\System32\Wbem;C:\Windows\System32\WindowsPowerShell\v1.0\;E:\Program Files\node_js\;C:\Program Files (x86)\NVIDIA Corporation\PhysX\Common;C:\Program Files (x86)\Intel\OpenCL SDK\2.0\bin\x86;C:\Program Files (x86)\Intel\OpenCL SDK\2.0\bin\x64;D:\Program Files\Go\bin;C:\Windows\system32\config\systemprofile\.dnx\bin;C:\Program Files\Microsoft DNX\Dnvm\;C:\Program Files\Microsoft SQL Server\120\Tools\Binn\;C:\Program Files\Microsoft SQL Server\130\Tools\Binn\;.;D:\Tool\tomcat\apache-tomcat-7.0.55\lib;D:\Tool\tomcat\apache-tomcat-7.0.55\bin;D:\Tool\jdk\jdk-7u79\jre\bin;E:\Program Files\Android\sdk\platform-tools;E:\Program Files\Android\sdk\tools;C:\Users\Peng\AppData\Roaming\npm;E:\Program Files\Android\Android Studio\gradle\gradle-2.14.1/bin
USERNAME=Peng
OS=Windows_NT
PROCESSOR_IDENTIFIER=Intel64 Family 6 Model 42 Stepping 7, GenuineIntel



---------------  S Y S T E M  ---------------

OS: Windows 7 , 64 bit Build 7601 Service Pack 1

CPU:total 4 (2 cores per cpu, 2 threads per core) family 6 model 42 stepping 7, cmov, cx8, fxsr, mmx, sse, sse2, sse3, ssse3, sse4.1, sse4.2, popcnt, avx, ht, tsc, tscinvbit

Memory: 4k page, physical 12415344k(383724k free), swap 21384692k(19356k free)

vm_info: Java HotSpot(TM) 64-Bit Server VM (24.79-b02) for windows-amd64 JRE (1.7.0_79-b15), built on Apr 10 2015 12:36:16 by "java_re" with unknown MS VC++:1600

time: Mon Nov 26 13:54:45 2018
elapsed time: 120 seconds

